Build started 4/5/2015 2:50:33 PM.
     1>Project "C:\Users\Tardis\Desktop\cs230_Damien.Baca_Project4_Part2\Project 4 - Cage.vcxproj" on node 2 (Build target(s)).
     1>ClCompile:
         C:\Program Files (x86)\Microsoft Visual Studio 12.0\VC\bin\CL.exe /c /ZI /nologo /W3 /WX- /Od /Oy- /D WIN32 /D _DEBUG /D _WINDOWS /Gm /EHsc /RTC1 /MDd /GS /fp:precise /Zc:wchar_t /Zc:forScope /Fo"Debug\\" /Fd"Debug\vc120.pdb" /Gd /TC /analyze- /errorReport:prompt GameStateMgr.c GameState_Play.c LineSegment2D.c main.c Math2D.c Matrix2D.c Vector2D.c
         Vector2D.c
         Matrix2D.c
     1>c:\users\tardis\desktop\cs230_damien.baca_project4_part2\matrix2d.c(140): warning C4244: 'function' : conversion from 'double' to 'float', possible loss of data
     1>c:\users\tardis\desktop\cs230_damien.baca_project4_part2\matrix2d.c(141): warning C4244: 'function' : conversion from 'double' to 'float', possible loss of data
     1>c:\users\tardis\desktop\cs230_damien.baca_project4_part2\matrix2d.c(143): warning C4244: 'function' : conversion from 'double' to 'float', possible loss of data
     1>c:\users\tardis\desktop\cs230_damien.baca_project4_part2\matrix2d.c(144): warning C4244: 'function' : conversion from 'double' to 'float', possible loss of data
         Math2D.c
     1>c:\users\tardis\desktop\cs230_damien.baca_project4_part2\math2d.c(300): warning C4101: 'ReflecVector' : unreferenced local variable
     1>c:\users\tardis\desktop\cs230_damien.baca_project4_part2\math2d.c(302): warning C4101: 'Vector' : unreferenced local variable
     1>c:\users\tardis\desktop\cs230_damien.baca_project4_part2\math2d.c(347): warning C4101: 'Vector' : unreferenced local variable
     1>c:\users\tardis\desktop\cs230_damien.baca_project4_part2\math2d.c(418): warning C4244: '=' : conversion from 'double' to 'float', possible loss of data
     1>c:\users\tardis\desktop\cs230_damien.baca_project4_part2\math2d.c(419): warning C4244: '=' : conversion from 'double' to 'float', possible loss of data
     1>c:\users\tardis\desktop\cs230_damien.baca_project4_part2\math2d.c(540): warning C4244: '=' : conversion from 'double' to 'float', possible loss of data
     1>c:\users\tardis\desktop\cs230_damien.baca_project4_part2\math2d.c(541): warning C4244: '=' : conversion from 'double' to 'float', possible loss of data
         main.c
         LineSegment2D.c
         GameState_Play.c
     1>c:\users\tardis\desktop\cs230_damien.baca_project4_part2\gamestate_play.c(188): warning C4244: '=' : conversion from 'double' to 'float', possible loss of data
     1>c:\users\tardis\desktop\cs230_damien.baca_project4_part2\gamestate_play.c(205): warning C4244: '=' : conversion from 'double' to 'float', possible loss of data
     1>c:\users\tardis\desktop\cs230_damien.baca_project4_part2\gamestate_play.c(229): warning C4244: '=' : conversion from 'double' to 'float', possible loss of data
     1>c:\users\tardis\desktop\cs230_damien.baca_project4_part2\gamestate_play.c(248): warning C4244: '=' : conversion from 'double' to 'float', possible loss of data
     1>c:\users\tardis\desktop\cs230_damien.baca_project4_part2\gamestate_play.c(270): warning C4244: 'initializing' : conversion from 'f64' to 'float', possible loss of data
     1>c:\users\tardis\desktop\cs230_damien.baca_project4_part2\gamestate_play.c(409): warning C4101: 'strBuffer' : unreferenced local variable
     1>c:\users\tardis\desktop\cs230_damien.baca_project4_part2\gamestate_play.c(472): warning C4018: '<' : signed/unsigned mismatch
         GameStateMgr.c
         Generating Code...
     1>c:\users\tardis\desktop\cs230_damien.baca_project4_part2\main.c(95): warning C4715: 'WinMain' : not all control paths return a value
       Link:
         C:\Program Files (x86)\Microsoft Visual Studio 12.0\VC\bin\link.exe /ERRORREPORT:PROMPT /OUT:"C:\Users\Tardis\Desktop\cs230_Damien.Baca_Project4_Part2\Debug\Project 4 - Cage.exe" /INCREMENTAL /NOLOGO kernel32.lib user32.lib gdi32.lib winspool.lib comdlg32.lib advapi32.lib shell32.lib ole32.lib oleaut32.lib uuid.lib odbc32.lib odbccp32.lib /MANIFEST /MANIFESTUAC:"level='asInvoker' uiAccess='false'" /manifest:embed /DEBUG /PDB:"C:\Users\Tardis\Desktop\cs230_Damien.Baca_Project4_Part2\Debug\Project 4 - Cage.pdb" /SUBSYSTEM:WINDOWS /TLBID:1 /DYNAMICBASE /NXCOMPAT /IMPLIB:"C:\Users\Tardis\Desktop\cs230_Damien.Baca_Project4_Part2\Debug\Project 4 - Cage.lib" /MACHINE:X86 /SAFESEH Debug\GameStateMgr.obj
         Debug\GameState_Play.obj
         Debug\LineSegment2D.obj
         Debug\main.obj
         Debug\Math2D.obj
         Debug\Matrix2D.obj
         Debug\Vector2D.obj
     1>GameStateMgr.obj : warning LNK4075: ignoring '/EDITANDCONTINUE' due to '/SAFESEH' specification
         Project 4 - Cage.vcxproj -> C:\Users\Tardis\Desktop\cs230_Damien.Baca_Project4_Part2\Debug\Project 4 - Cage.exe
     1>Done Building Project "C:\Users\Tardis\Desktop\cs230_Damien.Baca_Project4_Part2\Project 4 - Cage.vcxproj" (Build target(s)).

Build succeeded.

Time Elapsed 00:00:01.17
