Build started 1/30/2015 10:46:04 AM.
     1>Project "C:\Users\Tardis\Desktop\CS230 Project 1 Part 2\CS230 Project 1 Part 2.vcxproj" on node 2 (Rebuild target(s)).
     1>ClCompile:
         C:\Program Files (x86)\Microsoft Visual Studio 12.0\VC\bin\CL.exe /c /ZI /nologo /W3 /WX- /sdl /Od /Oy- /D WIN32 /D _DEBUG /D _WINDOWS /D _UNICODE /D UNICODE /Gm /EHsc /RTC1 /MDd /GS /fp:precise /Zc:wchar_t /Zc:forScope /Fo"Debug\\" /Fd"Debug\vc120.pdb" /Gd /TC /analyze- /errorReport:prompt GameStateManager.c Input.c Level1.c Level2.c System.c main.c Create_Wnd.c
         Create_Wnd.c
         main.c
         System.c
         Level2.c
         Level1.c
         Input.c
         GameStateManager.c
         Generating Code...
       Link:
         C:\Program Files (x86)\Microsoft Visual Studio 12.0\VC\bin\link.exe /ERRORREPORT:PROMPT /OUT:"C:\Users\Tardis\Desktop\CS230 Project 1 Part 2\Debug\CS230 Project 1 Part 2.exe" /INCREMENTAL /NOLOGO kernel32.lib user32.lib gdi32.lib winspool.lib comdlg32.lib advapi32.lib shell32.lib ole32.lib oleaut32.lib uuid.lib odbc32.lib odbccp32.lib /MANIFEST /MANIFESTUAC:"level='asInvoker' uiAccess='false'" /manifest:embed /DEBUG /PDB:"C:\Users\Tardis\Desktop\CS230 Project 1 Part 2\Debug\CS230 Project 1 Part 2.pdb" /SUBSYSTEM:WINDOWS /TLBID:1 /DYNAMICBASE /NXCOMPAT /IMPLIB:"C:\Users\Tardis\Desktop\CS230 Project 1 Part 2\Debug\CS230 Project 1 Part 2.lib" /MACHINE:X86 Debug\GameStateManager.obj
         Debug\Input.obj
         Debug\Level1.obj
         Debug\Level2.obj
         Debug\System.obj
         Debug\main.obj
         Debug\Create_Wnd.obj
         CS230 Project 1 Part 2.vcxproj -> C:\Users\Tardis\Desktop\CS230 Project 1 Part 2\Debug\CS230 Project 1 Part 2.exe
     1>Done Building Project "C:\Users\Tardis\Desktop\CS230 Project 1 Part 2\CS230 Project 1 Part 2.vcxproj" (Rebuild target(s)).

Build succeeded.

Time Elapsed 00:00:04.50
